[0m23:04:40.079182 [debug] [MainThread]: Sending event: {'category': 'dbt', 'action': 'invocation', 'label': 'start', 'context': [<snowplow_tracker.self_describing_json.SelfDescribingJson object at 0x10c10eda0>, <snowplow_tracker.self_describing_json.SelfDescribingJson object at 0x10d405b70>, <snowplow_tracker.self_describing_json.SelfDescribingJson object at 0x10d406290>]}


============================== 23:04:40.082389 | 84c13fbb-322f-4f35-a611-4c1af9ec4085 ==============================
[0m23:04:40.082389 [info ] [MainThread]: Running with dbt=1.9.0
[0m23:04:40.082746 [debug] [MainThread]: running dbt with arguments {'printer_width': '80', 'indirect_selection': 'eager', 'log_cache_events': 'False', 'write_json': 'True', 'partial_parse': 'True', 'cache_selected_only': 'False', 'warn_error': 'None', 'version_check': 'True', 'profiles_dir': '/Users/al/.dbt', 'log_path': 'logs', 'debug': 'False', 'fail_fast': 'False', 'use_colors': 'True', 'use_experimental_parser': 'False', 'no_print': 'None', 'quiet': 'False', 'empty': 'False', 'warn_error_options': 'WarnErrorOptions(include=[], exclude=[])', 'invocation_command': 'dbt build --exclude resource_type:seed', 'introspect': 'True', 'static_parser': 'True', 'target_path': 'None', 'log_format': 'default', 'send_anonymous_usage_stats': 'True'}
[0m23:04:40.083128 [error] [MainThread]: Encountered an error:
Runtime Error
  No dbt_project.yml found at expected path /Users/al/Documents/stripetakehome/dbt_project.yml
  Verify that each entry within packages.yml (and their transitive dependencies) contains a file named dbt_project.yml
  
[0m23:04:40.090780 [debug] [MainThread]: Resource report: {"command_name": "build", "command_success": false, "command_wall_clock_time": 0.058614876, "process_in_blocks": "0", "process_kernel_time": 0.141619, "process_mem_max_rss": "100220928", "process_out_blocks": "0", "process_user_time": 0.747867}
[0m23:04:40.091121 [debug] [MainThread]: Command `dbt build` failed at 23:04:40.091064 after 0.06 seconds
[0m23:04:40.091360 [debug] [MainThread]: Sending event: {'category': 'dbt', 'action': 'invocation', 'label': 'end', 'context': [<snowplow_tracker.self_describing_json.SelfDescribingJson object at 0x10c10eda0>, <snowplow_tracker.self_describing_json.SelfDescribingJson object at 0x10d405b70>, <snowplow_tracker.self_describing_json.SelfDescribingJson object at 0x10d405bd0>]}
[0m23:04:40.091582 [debug] [MainThread]: Flushing usage events
[0m23:04:40.508831 [debug] [MainThread]: An error was encountered while trying to flush usage events
[0m23:04:54.282244 [debug] [MainThread]: Sending event: {'category': 'dbt', 'action': 'invocation', 'label': 'start', 'context': [<snowplow_tracker.self_describing_json.SelfDescribingJson object at 0x1085dae30>, <snowplow_tracker.self_describing_json.SelfDescribingJson object at 0x1098d5e10>, <snowplow_tracker.self_describing_json.SelfDescribingJson object at 0x1098d6530>]}


============================== 23:04:54.285620 | 00c50bec-a367-40f5-8606-96d2442d5839 ==============================
[0m23:04:54.285620 [info ] [MainThread]: Running with dbt=1.9.0
[0m23:04:54.286079 [debug] [MainThread]: running dbt with arguments {'printer_width': '80', 'indirect_selection': 'eager', 'write_json': 'True', 'log_cache_events': 'False', 'partial_parse': 'True', 'cache_selected_only': 'False', 'warn_error': 'None', 'debug': 'False', 'fail_fast': 'False', 'log_path': 'logs', 'profiles_dir': '/Users/al/.dbt', 'version_check': 'True', 'use_colors': 'True', 'use_experimental_parser': 'False', 'no_print': 'None', 'quiet': 'False', 'empty': 'False', 'warn_error_options': 'WarnErrorOptions(include=[], exclude=[])', 'invocation_command': 'dbt build --exclude resource_type:seed', 'static_parser': 'True', 'introspect': 'True', 'target_path': 'None', 'log_format': 'default', 'send_anonymous_usage_stats': 'True'}
[0m23:04:54.286477 [error] [MainThread]: Encountered an error:
Runtime Error
  No dbt_project.yml found at expected path /Users/al/Documents/stripetakehome/dbt_project.yml
  Verify that each entry within packages.yml (and their transitive dependencies) contains a file named dbt_project.yml
  
[0m23:04:54.288178 [debug] [MainThread]: Resource report: {"command_name": "build", "command_success": false, "command_wall_clock_time": 0.05047792, "process_in_blocks": "0", "process_kernel_time": 0.13243, "process_mem_max_rss": "100368384", "process_out_blocks": "0", "process_user_time": 0.788005}
[0m23:04:54.288454 [debug] [MainThread]: Command `dbt build` failed at 23:04:54.288396 after 0.05 seconds
[0m23:04:54.288691 [debug] [MainThread]: Sending event: {'category': 'dbt', 'action': 'invocation', 'label': 'end', 'context': [<snowplow_tracker.self_describing_json.SelfDescribingJson object at 0x1085dae30>, <snowplow_tracker.self_describing_json.SelfDescribingJson object at 0x1098d5e10>, <snowplow_tracker.self_describing_json.SelfDescribingJson object at 0x1098d5e70>]}
[0m23:04:54.288903 [debug] [MainThread]: Flushing usage events
[0m23:04:54.754093 [debug] [MainThread]: An error was encountered while trying to flush usage events
[0m22:06:56.575666 [debug] [MainThread]: Sending event: {'category': 'dbt', 'action': 'invocation', 'label': 'start', 'context': [<snowplow_tracker.self_describing_json.SelfDescribingJson object at 0x10c566dd0>, <snowplow_tracker.self_describing_json.SelfDescribingJson object at 0x10d8558d0>, <snowplow_tracker.self_describing_json.SelfDescribingJson object at 0x10d855ff0>]}


============================== 22:06:56.579044 | d98d87fa-65d9-48a9-b702-ce9b3c407c7d ==============================
[0m22:06:56.579044 [info ] [MainThread]: Running with dbt=1.9.0
[0m22:06:56.579504 [debug] [MainThread]: running dbt with arguments {'printer_width': '80', 'indirect_selection': 'eager', 'log_cache_events': 'False', 'write_json': 'True', 'partial_parse': 'True', 'cache_selected_only': 'False', 'warn_error': 'None', 'debug': 'False', 'profiles_dir': '/Users/al/.dbt', 'log_path': 'logs', 'version_check': 'True', 'fail_fast': 'False', 'use_colors': 'True', 'use_experimental_parser': 'False', 'empty': 'False', 'quiet': 'False', 'no_print': 'None', 'warn_error_options': 'WarnErrorOptions(include=[], exclude=[])', 'introspect': 'True', 'log_format': 'default', 'static_parser': 'True', 'target_path': 'None', 'invocation_command': 'dbt compile', 'send_anonymous_usage_stats': 'True'}
[0m22:06:56.579890 [error] [MainThread]: Encountered an error:
Runtime Error
  No dbt_project.yml found at expected path /Users/al/Documents/stripetakehome/dbt_project.yml
  Verify that each entry within packages.yml (and their transitive dependencies) contains a file named dbt_project.yml
  
[0m22:06:56.581918 [debug] [MainThread]: Resource report: {"command_name": "compile", "command_success": false, "command_wall_clock_time": 0.05553721, "process_in_blocks": "0", "process_kernel_time": 0.15502, "process_mem_max_rss": "100139008", "process_out_blocks": "0", "process_user_time": 0.767517}
[0m22:06:56.582325 [debug] [MainThread]: Command `dbt compile` failed at 22:06:56.582257 after 0.06 seconds
[0m22:06:56.582594 [debug] [MainThread]: Sending event: {'category': 'dbt', 'action': 'invocation', 'label': 'end', 'context': [<snowplow_tracker.self_describing_json.SelfDescribingJson object at 0x10c566dd0>, <snowplow_tracker.self_describing_json.SelfDescribingJson object at 0x10d8558d0>, <snowplow_tracker.self_describing_json.SelfDescribingJson object at 0x10d855930>]}
[0m22:06:56.582836 [debug] [MainThread]: Flushing usage events
[0m22:06:57.056022 [debug] [MainThread]: An error was encountered while trying to flush usage events
